<?xml version="1.0" encoding="UTF-8"?>
<testsuite xmlns:xsi="http://www.w3.org/2001/XMLSchema-instance" xsi:noNamespaceSchemaLocation="https://maven.apache.org/surefire/maven-surefire-plugin/xsd/surefire-test-report-3.0.xsd" version="3.0" name="com.aws.imagepipeline.AppTest" time="0.088" tests="1" errors="0" skipped="0" failures="0">
  <properties>
    <property name="gopherProxySet" value="false"/>
    <property name="awt.toolkit" value="sun.lwawt.macosx.LWCToolkit"/>
    <property name="file.encoding.pkg" value="sun.io"/>
    <property name="java.specification.version" value="1.8"/>
    <property name="sun.cpu.isalist" value=""/>
    <property name="sun.jnu.encoding" value="UTF-8"/>
    <property name="java.class.path" value="/Users/jallen/aws-image-recognition/carrecognition/target/test-classes:/Users/jallen/aws-image-recognition/carrecognition/target/classes:/Users/jallen/.m2/repository/com/amazonaws/aws-java-sdk-s3/1.12.655/aws-java-sdk-s3-1.12.655.jar:/Users/jallen/.m2/repository/com/amazonaws/aws-java-sdk-kms/1.12.655/aws-java-sdk-kms-1.12.655.jar:/Users/jallen/.m2/repository/com/amazonaws/aws-java-sdk-core/1.12.655/aws-java-sdk-core-1.12.655.jar:/Users/jallen/.m2/repository/commons-logging/commons-logging/1.1.3/commons-logging-1.1.3.jar:/Users/jallen/.m2/repository/commons-codec/commons-codec/1.15/commons-codec-1.15.jar:/Users/jallen/.m2/repository/org/apache/httpcomponents/httpclient/4.5.13/httpclient-4.5.13.jar:/Users/jallen/.m2/repository/org/apache/httpcomponents/httpcore/4.4.13/httpcore-4.4.13.jar:/Users/jallen/.m2/repository/com/fasterxml/jackson/core/jackson-databind/2.12.7.1/jackson-databind-2.12.7.1.jar:/Users/jallen/.m2/repository/com/fasterxml/jackson/core/jackson-annotations/2.12.7/jackson-annotations-2.12.7.jar:/Users/jallen/.m2/repository/com/fasterxml/jackson/core/jackson-core/2.12.7/jackson-core-2.12.7.jar:/Users/jallen/.m2/repository/com/fasterxml/jackson/dataformat/jackson-dataformat-cbor/2.12.6/jackson-dataformat-cbor-2.12.6.jar:/Users/jallen/.m2/repository/joda-time/joda-time/2.8.1/joda-time-2.8.1.jar:/Users/jallen/.m2/repository/com/amazonaws/jmespath-java/1.12.655/jmespath-java-1.12.655.jar:/Users/jallen/.m2/repository/com/amazonaws/aws-java-sdk-rekognition/1.12.655/aws-java-sdk-rekognition-1.12.655.jar:/Users/jallen/.m2/repository/com/amazonaws/aws-java-sdk-sqs/1.12.655/aws-java-sdk-sqs-1.12.655.jar:/Users/jallen/.m2/repository/junit/junit/4.13.2/junit-4.13.2.jar:/Users/jallen/.m2/repository/org/hamcrest/hamcrest-core/1.3/hamcrest-core-1.3.jar:"/>
    <property name="java.vm.vendor" value="Amazon.com Inc."/>
    <property name="sun.arch.data.model" value="64"/>
    <property name="java.vendor.url" value="https://aws.amazon.com/corretto/"/>
    <property name="user.timezone" value=""/>
    <property name="java.vm.specification.version" value="1.8"/>
    <property name="os.name" value="Mac OS X"/>
    <property name="user.country" value="US"/>
    <property name="sun.java.launcher" value="SUN_STANDARD"/>
    <property name="sun.boot.library.path" value="/Users/jallen/Library/Java/JavaVirtualMachines/corretto-1.8.0_442/Contents/Home/jre/lib"/>
    <property name="sun.java.command" value="/Users/jallen/aws-image-recognition/carrecognition/target/surefire/surefirebooter-20250309130532325_3.jar /Users/jallen/aws-image-recognition/carrecognition/target/surefire 2025-03-09T13-05-32_094-jvmRun1 surefire-20250309130532325_1tmp surefire_0-20250309130532325_2tmp"/>
    <property name="http.nonProxyHosts" value="local|*.local|169.254/16|*.169.254/16"/>
    <property name="surefire.test.class.path" value="/Users/jallen/aws-image-recognition/carrecognition/target/test-classes:/Users/jallen/aws-image-recognition/carrecognition/target/classes:/Users/jallen/.m2/repository/com/amazonaws/aws-java-sdk-s3/1.12.655/aws-java-sdk-s3-1.12.655.jar:/Users/jallen/.m2/repository/com/amazonaws/aws-java-sdk-kms/1.12.655/aws-java-sdk-kms-1.12.655.jar:/Users/jallen/.m2/repository/com/amazonaws/aws-java-sdk-core/1.12.655/aws-java-sdk-core-1.12.655.jar:/Users/jallen/.m2/repository/commons-logging/commons-logging/1.1.3/commons-logging-1.1.3.jar:/Users/jallen/.m2/repository/commons-codec/commons-codec/1.15/commons-codec-1.15.jar:/Users/jallen/.m2/repository/org/apache/httpcomponents/httpclient/4.5.13/httpclient-4.5.13.jar:/Users/jallen/.m2/repository/org/apache/httpcomponents/httpcore/4.4.13/httpcore-4.4.13.jar:/Users/jallen/.m2/repository/com/fasterxml/jackson/core/jackson-databind/2.12.7.1/jackson-databind-2.12.7.1.jar:/Users/jallen/.m2/repository/com/fasterxml/jackson/core/jackson-annotations/2.12.7/jackson-annotations-2.12.7.jar:/Users/jallen/.m2/repository/com/fasterxml/jackson/core/jackson-core/2.12.7/jackson-core-2.12.7.jar:/Users/jallen/.m2/repository/com/fasterxml/jackson/dataformat/jackson-dataformat-cbor/2.12.6/jackson-dataformat-cbor-2.12.6.jar:/Users/jallen/.m2/repository/joda-time/joda-time/2.8.1/joda-time-2.8.1.jar:/Users/jallen/.m2/repository/com/amazonaws/jmespath-java/1.12.655/jmespath-java-1.12.655.jar:/Users/jallen/.m2/repository/com/amazonaws/aws-java-sdk-rekognition/1.12.655/aws-java-sdk-rekognition-1.12.655.jar:/Users/jallen/.m2/repository/com/amazonaws/aws-java-sdk-sqs/1.12.655/aws-java-sdk-sqs-1.12.655.jar:/Users/jallen/.m2/repository/junit/junit/4.13.2/junit-4.13.2.jar:/Users/jallen/.m2/repository/org/hamcrest/hamcrest-core/1.3/hamcrest-core-1.3.jar:"/>
    <property name="sun.cpu.endian" value="little"/>
    <property name="user.home" value="/Users/jallen"/>
    <property name="user.language" value="en"/>
    <property name="java.specification.vendor" value="Oracle Corporation"/>
    <property name="java.home" value="/Users/jallen/Library/Java/JavaVirtualMachines/corretto-1.8.0_442/Contents/Home/jre"/>
    <property name="basedir" value="/Users/jallen/aws-image-recognition/carrecognition"/>
    <property name="file.separator" value="/"/>
    <property name="line.separator" value="&#10;"/>
    <property name="java.vm.specification.vendor" value="Oracle Corporation"/>
    <property name="java.specification.name" value="Java Platform API Specification"/>
    <property name="java.awt.graphicsenv" value="sun.awt.CGraphicsEnvironment"/>
    <property name="surefire.real.class.path" value="/Users/jallen/aws-image-recognition/carrecognition/target/surefire/surefirebooter-20250309130532325_3.jar"/>
    <property name="sun.boot.class.path" value="/Users/jallen/Library/Java/JavaVirtualMachines/corretto-1.8.0_442/Contents/Home/jre/lib/resources.jar:/Users/jallen/Library/Java/JavaVirtualMachines/corretto-1.8.0_442/Contents/Home/jre/lib/rt.jar:/Users/jallen/Library/Java/JavaVirtualMachines/corretto-1.8.0_442/Contents/Home/jre/lib/sunrsasign.jar:/Users/jallen/Library/Java/JavaVirtualMachines/corretto-1.8.0_442/Contents/Home/jre/lib/jsse.jar:/Users/jallen/Library/Java/JavaVirtualMachines/corretto-1.8.0_442/Contents/Home/jre/lib/jce.jar:/Users/jallen/Library/Java/JavaVirtualMachines/corretto-1.8.0_442/Contents/Home/jre/lib/charsets.jar:/Users/jallen/Library/Java/JavaVirtualMachines/corretto-1.8.0_442/Contents/Home/jre/lib/jfr.jar:/Users/jallen/Library/Java/JavaVirtualMachines/corretto-1.8.0_442/Contents/Home/jre/classes"/>
    <property name="sun.management.compiler" value="HotSpot 64-Bit Tiered Compilers"/>
    <property name="ftp.nonProxyHosts" value="local|*.local|169.254/16|*.169.254/16"/>
    <property name="java.runtime.version" value="1.8.0_442-b06"/>
    <property name="user.name" value="jallen"/>
    <property name="path.separator" value=":"/>
    <property name="os.version" value="15.3.1"/>
    <property name="java.endorsed.dirs" value="/Users/jallen/Library/Java/JavaVirtualMachines/corretto-1.8.0_442/Contents/Home/jre/lib/endorsed"/>
    <property name="java.runtime.name" value="OpenJDK Runtime Environment"/>
    <property name="file.encoding" value="UTF-8"/>
    <property name="java.vm.name" value="OpenJDK 64-Bit Server VM"/>
    <property name="localRepository" value="/Users/jallen/.m2/repository"/>
    <property name="java.vendor.url.bug" value="https://github.com/corretto/corretto-8/issues/"/>
    <property name="java.io.tmpdir" value="/var/folders/dc/168lfnfj6zz_y_d4xznw17200000gn/T/"/>
    <property name="java.version" value="1.8.0_442"/>
    <property name="user.dir" value="/Users/jallen/aws-image-recognition/carrecognition"/>
    <property name="os.arch" value="x86_64"/>
    <property name="java.vm.specification.name" value="Java Virtual Machine Specification"/>
    <property name="java.awt.printerjob" value="sun.lwawt.macosx.CPrinterJob"/>
    <property name="sun.os.patch.level" value="unknown"/>
    <property name="java.library.path" value="/Users/jallen/Library/Java/Extensions:/Library/Java/Extensions:/Network/Library/Java/Extensions:/System/Library/Java/Extensions:/usr/lib/java:."/>
    <property name="java.vm.info" value="mixed mode"/>
    <property name="java.vendor" value="Amazon.com Inc."/>
    <property name="java.vm.version" value="25.442-b06"/>
    <property name="java.specification.maintenance.version" value="6"/>
    <property name="java.ext.dirs" value="/Users/jallen/Library/Java/Extensions:/Users/jallen/Library/Java/JavaVirtualMachines/corretto-1.8.0_442/Contents/Home/jre/lib/ext:/Library/Java/Extensions:/Network/Library/Java/Extensions:/System/Library/Java/Extensions:/usr/lib/java"/>
    <property name="sun.io.unicode.encoding" value="UnicodeBig"/>
    <property name="java.class.version" value="52.0"/>
    <property name="socksNonProxyHosts" value="local|*.local|169.254/16|*.169.254/16"/>
  </properties>
  <testcase name="testApp" classname="com.aws.imagepipeline.AppTest" time="0.005"/>
</testsuite>